2021-10-24 11:44:26,421 INFO Set uid to user 0 succeeded
2021-10-24 11:44:26,425 INFO supervisord started with pid 1
2021-10-24 11:44:27,429 INFO spawned: 'nginx' with pid 8
2021-10-24 11:44:27,433 INFO spawned: 'php-fpm' with pid 9
2021-10-24 11:44:28,511 INFO success: nginx entered RUNNING state, process has stayed up for > than 1 seconds (startsecs)
2021-10-24 11:44:28,511 INFO success: php-fpm entered RUNNING state, process has stayed up for > than 1 seconds (startsecs)
2021-10-24 11:54:15,385 WARN received SIGTERM indicating exit request
2021-10-24 11:54:15,386 INFO waiting for nginx, php-fpm to die
2021-10-24 11:54:15,393 INFO stopped: php-fpm (exit status 0)
2021-10-24 11:54:15,402 INFO stopped: nginx (exit status 0)
2021-10-24 11:54:16,499 INFO Set uid to user 0 succeeded
2021-10-24 11:54:16,503 INFO supervisord started with pid 1
2021-10-24 11:54:17,506 INFO spawned: 'nginx' with pid 7
2021-10-24 11:54:17,509 INFO spawned: 'php-fpm' with pid 8
2021-10-24 11:54:18,582 INFO success: nginx entered RUNNING state, process has stayed up for > than 1 seconds (startsecs)
2021-10-24 11:54:18,583 INFO success: php-fpm entered RUNNING state, process has stayed up for > than 1 seconds (startsecs)
2021-10-24 11:55:59,449 WARN received SIGTERM indicating exit request
2021-10-24 11:55:59,449 INFO waiting for nginx, php-fpm to die
2021-10-24 11:55:59,457 INFO stopped: php-fpm (exit status 0)
2021-10-24 11:55:59,465 INFO stopped: nginx (exit status 0)
2021-10-24 11:56:00,645 INFO Set uid to user 0 succeeded
2021-10-24 11:56:00,648 INFO supervisord started with pid 1
2021-10-24 11:56:01,652 INFO spawned: 'nginx' with pid 7
2021-10-24 11:56:01,654 INFO spawned: 'php-fpm' with pid 8
2021-10-24 11:56:02,718 INFO success: nginx entered RUNNING state, process has stayed up for > than 1 seconds (startsecs)
2021-10-24 11:56:02,718 INFO success: php-fpm entered RUNNING state, process has stayed up for > than 1 seconds (startsecs)
2021-10-24 11:57:33,838 WARN received SIGTERM indicating exit request
2021-10-24 11:57:33,839 INFO waiting for nginx, php-fpm to die
2021-10-24 11:57:33,909 INFO stopped: php-fpm (exit status 0)
2021-10-24 11:57:33,919 INFO stopped: nginx (exit status 0)
2021-10-24 11:57:35,422 INFO Set uid to user 0 succeeded
2021-10-24 11:57:35,426 INFO supervisord started with pid 1
2021-10-24 11:57:36,430 INFO spawned: 'nginx' with pid 8
2021-10-24 11:57:36,433 INFO spawned: 'php-fpm' with pid 9
2021-10-24 11:57:37,519 INFO success: nginx entered RUNNING state, process has stayed up for > than 1 seconds (startsecs)
2021-10-24 11:57:37,519 INFO success: php-fpm entered RUNNING state, process has stayed up for > than 1 seconds (startsecs)
2021-10-24 12:03:23,403 WARN received SIGTERM indicating exit request
2021-10-24 12:03:23,403 INFO waiting for nginx, php-fpm to die
2021-10-24 12:03:23,411 INFO stopped: php-fpm (exit status 0)
2021-10-24 12:03:23,419 INFO stopped: nginx (exit status 0)
2021-10-24 12:03:24,724 INFO Set uid to user 0 succeeded
2021-10-24 12:03:24,727 INFO supervisord started with pid 1
2021-10-24 12:03:25,730 INFO spawned: 'nginx' with pid 7
2021-10-24 12:03:25,733 INFO spawned: 'php-fpm' with pid 8
2021-10-24 12:03:26,799 INFO success: nginx entered RUNNING state, process has stayed up for > than 1 seconds (startsecs)
2021-10-24 12:03:26,799 INFO success: php-fpm entered RUNNING state, process has stayed up for > than 1 seconds (startsecs)
2021-10-24 12:30:51,166 WARN received SIGTERM indicating exit request
2021-10-24 12:30:51,167 INFO waiting for nginx, php-fpm to die
2021-10-24 12:30:51,178 INFO stopped: php-fpm (exit status 0)
2021-10-24 12:30:51,187 INFO stopped: nginx (exit status 0)
2021-10-24 12:30:52,349 INFO Set uid to user 0 succeeded
2021-10-24 12:30:52,354 INFO supervisord started with pid 1
2021-10-24 12:30:53,357 INFO spawned: 'nginx' with pid 7
2021-10-24 12:30:53,360 INFO spawned: 'php-fpm' with pid 8
2021-10-24 12:30:54,426 INFO success: nginx entered RUNNING state, process has stayed up for > than 1 seconds (startsecs)
2021-10-24 12:30:54,426 INFO success: php-fpm entered RUNNING state, process has stayed up for > than 1 seconds (startsecs)
